<?xml version="1.0" encoding="UTF-8"?>
<!-- Generated by org.testng.reporters.JUnitReportReporter -->
<testsuite hostname="Soumya" failures="0" tests="4" name="Test_Package.FAcebbok_test" time="31.250" errors="0" timestamp="2023-12-18T10:39:59 IST" skipped="0">
  <testcase classname="Test_Package.FAcebbok_test" name="loginToFacebookTest" time="9.754"/>
  <system-out/>
  <testcase classname="Test_Package.FAcebbok_test" name="loginToFacebookTest" time="7.100"/>
  <system-out/>
  <testcase classname="Test_Package.FAcebbok_test" name="loginToFacebookTest" time="7.104"/>
  <system-out/>
  <testcase classname="Test_Package.FAcebbok_test" name="loginToFacebookTest" time="7.292"/>
  <system-out/>
</testsuite> <!-- Test_Package.FAcebbok_test -->
